{
"contracts/workoutToken.sol":{"l":{"16":2,"17":0,"19":2,"20":2,"21":2,"22":2,"23":2,"25":2,"26":2,"27":2,"28":2,"29":2,"30":2,"32":2,"36":1440,"44":36,"45":36,"46":720,"47":720,"48":720,"49":720,"50":720,"53":36,"105":13,"106":13,"107":13,"108":26,"119":7,"120":7,"125":21,"126":20,"130":5,"131":3,"133":2,"138":7,"139":4,"140":4,"143":3,"148":4,"149":4,"150":2,"153":2,"158":2,"159":2,"160":2,"167":3,"173":3,"177":2,"178":1,"180":1,"182":1,"183":1,"184":1,"185":1,"187":1,"192":4,"193":2,"194":1,"195":1,"196":1,"201":1,"203":1,"206":2,"212":3,"213":2,"214":1,"215":1,"216":2,"217":1,"218":1,"222":1,"225":1,"231":9,"232":7,"234":2,"235":3,"236":1,"239":1,"246":7,"247":5,"250":2,"251":1,"252":1,"256":1,"261":2,"262":2,"263":1,"264":1,"267":1,"272":1,"273":1,"278":2,"282":2,"283":2,"284":1,"285":1,"286":1,"289":2,"290":1,"292":1,"293":1,"298":1,"299":1,"300":1,"301":2,"302":2,"303":2,"304":2,"305":2,"306":2,"312":1,"344":3,"345":3,"346":1,"347":1,"348":1,"350":1,"351":1,"352":1,"353":1,"354":1,"355":1,"356":1,"357":1,"358":1,"359":1,"360":1,"361":1,"362":1,"363":1,"365":1,"366":1,"368":1,"373":1,"377":13},"path":"/var/www/workout-token/contracts/workoutToken.sol","s":{"1":2,"2":0,"3":2,"4":2,"5":2,"6":2,"7":2,"8":2,"9":1440,"10":1000,"11":440,"12":36,"13":36,"14":720,"15":720,"16":720,"17":36,"18":13,"19":13,"20":13,"21":26,"22":7,"23":21,"24":5,"25":3,"26":2,"27":7,"28":4,"29":4,"30":3,"31":4,"32":4,"33":2,"34":2,"35":2,"36":2,"37":3,"38":3,"39":2,"40":1,"41":1,"42":1,"43":4,"44":2,"45":1,"46":1,"47":1,"48":1,"49":1,"50":2,"51":3,"52":2,"53":1,"54":1,"55":2,"56":1,"57":1,"58":1,"59":9,"60":7,"61":2,"62":3,"63":1,"64":1,"65":7,"66":5,"67":2,"68":1,"69":1,"70":1,"71":2,"72":2,"73":1,"74":1,"75":1,"76":1,"77":1,"78":2,"79":2,"80":2,"81":1,"82":2,"83":1,"84":1,"85":1,"86":1,"87":1,"88":1,"89":2,"90":2,"91":2,"92":1,"93":3,"94":3,"95":1,"96":2,"97":1,"98":1,"99":1,"100":1,"101":1,"102":1,"103":1,"104":1,"105":1,"106":1,"107":1,"108":1,"109":1,"110":1,"111":1,"112":1,"113":1,"114":13},"b":{"1":[0,2],"2":[1000,440],"3":[7,0],"4":[20,1],"5":[13,7],"6":[3,2],"7":[2,1],"8":[4,0],"9":[4,0],"10":[2,2],"11":[2,0],"12":[2,0],"13":[3,0],"14":[1,1],"15":[4,0],"16":[2,2],"17":[1,1],"18":[3,0],"19":[2,1],"20":[1,1],"21":[1,1],"22":[7,2],"23":[5,2],"24":[1,2],"25":[7,0],"26":[5,2],"27":[4,1],"28":[1,0],"29":[2,0],"30":[1,0],"31":[2,0],"32":[1,0],"33":[1,1],"34":[2,0],"35":[3,1],"36":[3,0],"37":[1,2],"38":[1,1],"39":[1,0]},"f":{"1":2,"2":1440,"3":36,"4":13,"5":7,"6":21,"7":5,"8":7,"9":4,"10":2,"11":3,"12":2,"13":4,"14":3,"15":9,"16":7,"17":2,"18":2,"19":1,"20":3,"21":1,"22":13},"fnMap":{"1":{"name":"uint2str","line":15,"loc":{"start":{"line":15,"column":4},"end":{"line":33,"column":4}}},"2":{"name":"char","line":35,"loc":{"start":{"line":35,"column":4},"end":{"line":38,"column":4}}},"3":{"name":"toAsciiString","line":43,"loc":{"start":{"line":43,"column":4},"end":{"line":54,"column":4}}},"4":{"name":"constructor","line":104,"loc":{"start":{"line":104,"column":4},"end":{"line":114,"column":4}}},"5":{"name":"isOwner","line":118,"loc":{"start":{"line":118,"column":4},"end":{"line":121,"column":4}}},"6":{"name":"isSuperOwner","line":124,"loc":{"start":{"line":124,"column":4},"end":{"line":127,"column":4}}},"7":{"name":"checkSuperOwner","line":129,"loc":{"start":{"line":129,"column":4},"end":{"line":134,"column":4}}},"8":{"name":"checkAddingAddress","line":137,"loc":{"start":{"line":137,"column":4},"end":{"line":144,"column":4}}},"9":{"name":"canConfirmAddress","line":147,"loc":{"start":{"line":147,"column":4},"end":{"line":154,"column":4}}},"10":{"name":"confirmAddress","line":157,"loc":{"start":{"line":157,"column":4},"end":{"line":163,"column":4}}},"11":{"name":"addConfirmation","line":166,"loc":{"start":{"line":166,"column":4},"end":{"line":174,"column":4}}},"12":{"name":"getWaitingConfirmationsList","line":176,"loc":{"start":{"line":176,"column":4},"end":{"line":188,"column":4}}},"13":{"name":"addAddress","line":191,"loc":{"start":{"line":191,"column":4},"end":{"line":208,"column":4}}},"14":{"name":"deleteAddress","line":211,"loc":{"start":{"line":211,"column":4},"end":{"line":227,"column":4}}},"15":{"name":"hasOwner","line":230,"loc":{"start":{"line":230,"column":4},"end":{"line":240,"column":4}}},"16":{"name":"hasRole","line":244,"loc":{"start":{"line":244,"column":4},"end":{"line":257,"column":4}}},"17":{"name":"addRole","line":260,"loc":{"start":{"line":260,"column":4},"end":{"line":274,"column":4}}},"18":{"name":"deleteRole","line":277,"loc":{"start":{"line":277,"column":4},"end":{"line":294,"column":4}}},"19":{"name":"showRoles","line":297,"loc":{"start":{"line":297,"column":4},"end":{"line":313,"column":4}}},"20":{"name":"startDistribution","line":343,"loc":{"start":{"line":343,"column":4},"end":{"line":370,"column":4}}},"21":{"name":"getDistributionStatus","line":372,"loc":{"start":{"line":372,"column":4},"end":{"line":374,"column":4}}},"22":{"name":"constructor","line":376,"loc":{"start":{"line":376,"column":4},"end":{"line":378,"column":4}}}},"statementMap":{"1":{"start":{"line":16,"column":8},"end":{"line":16,"column":419}},"2":{"start":{"line":17,"column":12},"end":{"line":17,"column":22}},"3":{"start":{"line":19,"column":8},"end":{"line":19,"column":22}},"4":{"start":{"line":20,"column":8},"end":{"line":20,"column":22}},"5":{"start":{"line":21,"column":8},"end":{"line":21,"column":524}},"6":{"start":{"line":25,"column":8},"end":{"line":25,"column":45}},"7":{"start":{"line":26,"column":8},"end":{"line":26,"column":26}},"8":{"start":{"line":28,"column":8},"end":{"line":28,"column":693}},"9":{"start":{"line":36,"column":9},"end":{"line":36,"column":935}},"10":{"start":{"line":36,"column":28},"end":{"line":36,"column":58}},"11":{"start":{"line":37,"column":13},"end":{"line":37,"column":43}},"12":{"start":{"line":44,"column":4},"end":{"line":44,"column":34}},"13":{"start":{"line":45,"column":4},"end":{"line":45,"column":1178}},"14":{"start":{"line":46,"column":8},"end":{"line":46,"column":70}},"15":{"start":{"line":47,"column":8},"end":{"line":47,"column":41}},"16":{"start":{"line":48,"column":8},"end":{"line":48,"column":53}},"17":{"start":{"line":53,"column":4},"end":{"line":53,"column":43}},"18":{"start":{"line":105,"column":8},"end":{"line":105,"column":68}},"19":{"start":{"line":106,"column":8},"end":{"line":106,"column":68}},"20":{"start":{"line":107,"column":8},"end":{"line":107,"column":2946}},"21":{"start":{"line":108,"column":12},"end":{"line":108,"column":3010}},"22":{"start":{"line":119,"column":8},"end":{"line":119,"column":114}},"23":{"start":{"line":125,"column":8},"end":{"line":125,"column":149}},"24":{"start":{"line":130,"column":8},"end":{"line":130,"column":3699}},"25":{"start":{"line":131,"column":12},"end":{"line":131,"column":23}},"26":{"start":{"line":133,"column":8},"end":{"line":133,"column":20}},"27":{"start":{"line":138,"column":8},"end":{"line":138,"column":3984}},"28":{"start":{"line":139,"column":12},"end":{"line":139,"column":4053}},"29":{"start":{"line":140,"column":16},"end":{"line":140,"column":27}},"30":{"start":{"line":143,"column":8},"end":{"line":143,"column":20}},"31":{"start":{"line":148,"column":8},"end":{"line":148,"column":4390}},"32":{"start":{"line":149,"column":12},"end":{"line":149,"column":4459}},"33":{"start":{"line":150,"column":16},"end":{"line":150,"column":27}},"34":{"start":{"line":153,"column":8},"end":{"line":153,"column":20}},"35":{"start":{"line":158,"column":8},"end":{"line":158,"column":4808}},"36":{"start":{"line":159,"column":12},"end":{"line":159,"column":4877}},"37":{"start":{"line":167,"column":8},"end":{"line":167,"column":5186}},"38":{"start":{"line":173,"column":8},"end":{"line":173,"column":80}},"39":{"start":{"line":177,"column":8},"end":{"line":177,"column":5568}},"40":{"start":{"line":178,"column":12},"end":{"line":178,"column":25}},"41":{"start":{"line":180,"column":8},"end":{"line":180,"column":5638}},"42":{"start":{"line":187,"column":8},"end":{"line":187,"column":21}},"43":{"start":{"line":192,"column":8},"end":{"line":192,"column":6324}},"44":{"start":{"line":193,"column":12},"end":{"line":193,"column":6435}},"45":{"start":{"line":194,"column":16},"end":{"line":194,"column":45}},"46":{"start":{"line":195,"column":16},"end":{"line":195,"column":42}},"47":{"start":{"line":196,"column":16},"end":{"line":196,"column":6594}},"48":{"start":{"line":201,"column":16},"end":{"line":201,"column":60}},"49":{"start":{"line":203,"column":16},"end":{"line":203,"column":88}},"50":{"start":{"line":206,"column":12},"end":{"line":206,"column":42}},"51":{"start":{"line":212,"column":8},"end":{"line":212,"column":7190}},"52":{"start":{"line":213,"column":12},"end":{"line":213,"column":7302}},"53":{"start":{"line":214,"column":16},"end":{"line":214,"column":46}},"54":{"start":{"line":215,"column":16},"end":{"line":215,"column":7412}},"55":{"start":{"line":216,"column":20},"end":{"line":216,"column":7482}},"56":{"start":{"line":218,"column":24},"end":{"line":218,"column":70}},"57":{"start":{"line":222,"column":16},"end":{"line":222,"column":88}},"58":{"start":{"line":225,"column":12},"end":{"line":225,"column":43}},"59":{"start":{"line":231,"column":8},"end":{"line":231,"column":8000}},"60":{"start":{"line":232,"column":12},"end":{"line":232,"column":23}},"61":{"start":{"line":234,"column":8},"end":{"line":234,"column":8099}},"62":{"start":{"line":235,"column":12},"end":{"line":235,"column":8161}},"63":{"start":{"line":236,"column":16},"end":{"line":236,"column":27}},"64":{"start":{"line":239,"column":8},"end":{"line":239,"column":20}},"65":{"start":{"line":246,"column":8},"end":{"line":246,"column":8537}},"66":{"start":{"line":247,"column":12},"end":{"line":247,"column":23}},"67":{"start":{"line":250,"column":8},"end":{"line":250,"column":8637}},"68":{"start":{"line":251,"column":12},"end":{"line":251,"column":8702}},"69":{"start":{"line":252,"column":16},"end":{"line":252,"column":49}},"70":{"start":{"line":256,"column":8},"end":{"line":256,"column":20}},"71":{"start":{"line":261,"column":8},"end":{"line":261,"column":121}},"72":{"start":{"line":262,"column":8},"end":{"line":262,"column":9199}},"73":{"start":{"line":263,"column":12},"end":{"line":263,"column":9264}},"74":{"start":{"line":264,"column":16},"end":{"line":264,"column":56}},"75":{"start":{"line":267,"column":8},"end":{"line":267,"column":9396}},"76":{"start":{"line":272,"column":8},"end":{"line":272,"column":61}},"77":{"start":{"line":273,"column":8},"end":{"line":273,"column":19}},"78":{"start":{"line":278,"column":8},"end":{"line":278,"column":9827}},"79":{"start":{"line":282,"column":8},"end":{"line":282,"column":30}},"80":{"start":{"line":283,"column":8},"end":{"line":283,"column":10026}},"81":{"start":{"line":284,"column":12},"end":{"line":284,"column":10091}},"82":{"start":{"line":289,"column":8},"end":{"line":289,"column":10249}},"83":{"start":{"line":290,"column":12},"end":{"line":290,"column":24}},"84":{"start":{"line":292,"column":8},"end":{"line":292,"column":67}},"85":{"start":{"line":293,"column":8},"end":{"line":293,"column":19}},"86":{"start":{"line":298,"column":8},"end":{"line":298,"column":28}},"87":{"start":{"line":299,"column":8},"end":{"line":299,"column":32}},"88":{"start":{"line":300,"column":8},"end":{"line":300,"column":10592}},"89":{"start":{"line":301,"column":12},"end":{"line":301,"column":46}},"90":{"start":{"line":302,"column":12},"end":{"line":302,"column":10699}},"91":{"start":{"line":303,"column":16},"end":{"line":303,"column":10770}},"92":{"start":{"line":312,"column":8},"end":{"line":312,"column":52}},"93":{"start":{"line":344,"column":8},"end":{"line":344,"column":70}},"94":{"start":{"line":345,"column":8},"end":{"line":345,"column":13000}},"95":{"start":{"line":348,"column":12},"end":{"line":348,"column":63}},"96":{"start":{"line":349,"column":14},"end":{"line":349,"column":13181}},"97":{"start":{"line":350,"column":12},"end":{"line":350,"column":84}},"98":{"start":{"line":351,"column":12},"end":{"line":351,"column":84}},"99":{"start":{"line":352,"column":12},"end":{"line":352,"column":84}},"100":{"start":{"line":353,"column":12},"end":{"line":353,"column":78}},"101":{"start":{"line":354,"column":12},"end":{"line":354,"column":78}},"102":{"start":{"line":355,"column":12},"end":{"line":355,"column":84}},"103":{"start":{"line":356,"column":12},"end":{"line":356,"column":84}},"104":{"start":{"line":357,"column":12},"end":{"line":357,"column":84}},"105":{"start":{"line":358,"column":12},"end":{"line":358,"column":77}},"106":{"start":{"line":359,"column":12},"end":{"line":359,"column":77}},"107":{"start":{"line":360,"column":12},"end":{"line":360,"column":78}},"108":{"start":{"line":361,"column":12},"end":{"line":361,"column":78}},"109":{"start":{"line":362,"column":12},"end":{"line":362,"column":76}},"110":{"start":{"line":363,"column":12},"end":{"line":363,"column":77}},"111":{"start":{"line":366,"column":12},"end":{"line":366,"column":61}},"112":{"start":{"line":368,"column":12},"end":{"line":368,"column":63}},"113":{"start":{"line":373,"column":8},"end":{"line":373,"column":48}},"114":{"start":{"line":377,"column":8},"end":{"line":377,"column":67}}},"branchMap":{"1":{"line":16,"type":"if","locations":[{"start":{"line":16,"column":8},"end":{"line":16,"column":8}},{"start":{"line":16,"column":8},"end":{"line":16,"column":8}}]},"2":{"line":36,"type":"if","locations":[{"start":{"line":36,"column":9},"end":{"line":36,"column":9}},{"start":{"line":36,"column":9},"end":{"line":36,"column":9}}]},"3":{"line":119,"type":"if","locations":[{"start":{"line":119,"column":8},"end":{"line":119,"column":8}},{"start":{"line":119,"column":8},"end":{"line":119,"column":8}}]},"4":{"line":125,"type":"if","locations":[{"start":{"line":125,"column":8},"end":{"line":125,"column":8}},{"start":{"line":125,"column":8},"end":{"line":125,"column":8}}]},"5":{"line":125,"type":"cond-expr","locations":[{"start":{"line":125,"column":16},"end":{"line":125,"column":37}},{"start":{"line":125,"column":42},"end":{"line":125,"column":64}}]},"6":{"line":130,"type":"if","locations":[{"start":{"line":130,"column":8},"end":{"line":130,"column":8}},{"start":{"line":130,"column":8},"end":{"line":130,"column":8}}]},"7":{"line":130,"type":"cond-expr","locations":[{"start":{"line":130,"column":11},"end":{"line":130,"column":32}},{"start":{"line":130,"column":37},"end":{"line":130,"column":59}}]},"8":{"line":139,"type":"if","locations":[{"start":{"line":139,"column":12},"end":{"line":139,"column":12}},{"start":{"line":139,"column":12},"end":{"line":139,"column":12}}]},"9":{"line":147,"type":"if","locations":[{"start":{"line":147,"column":77},"end":{"line":147,"column":77}},{"start":{"line":147,"column":77},"end":{"line":147,"column":77}}]},"10":{"line":149,"type":"if","locations":[{"start":{"line":149,"column":12},"end":{"line":149,"column":12}},{"start":{"line":149,"column":12},"end":{"line":149,"column":12}}]},"11":{"line":157,"type":"if","locations":[{"start":{"line":157,"column":69},"end":{"line":157,"column":69}},{"start":{"line":157,"column":69},"end":{"line":157,"column":69}}]},"12":{"line":159,"type":"if","locations":[{"start":{"line":159,"column":12},"end":{"line":159,"column":12}},{"start":{"line":159,"column":12},"end":{"line":159,"column":12}}]},"13":{"line":166,"type":"if","locations":[{"start":{"line":166,"column":70},"end":{"line":166,"column":70}},{"start":{"line":166,"column":70},"end":{"line":166,"column":70}}]},"14":{"line":177,"type":"if","locations":[{"start":{"line":177,"column":8},"end":{"line":177,"column":8}},{"start":{"line":177,"column":8},"end":{"line":177,"column":8}}]},"15":{"line":191,"type":"if","locations":[{"start":{"line":191,"column":49},"end":{"line":191,"column":49}},{"start":{"line":191,"column":49},"end":{"line":191,"column":49}}]},"16":{"line":192,"type":"if","locations":[{"start":{"line":192,"column":8},"end":{"line":192,"column":8}},{"start":{"line":192,"column":8},"end":{"line":192,"column":8}}]},"17":{"line":193,"type":"if","locations":[{"start":{"line":193,"column":12},"end":{"line":193,"column":12}},{"start":{"line":193,"column":12},"end":{"line":193,"column":12}}]},"18":{"line":211,"type":"if","locations":[{"start":{"line":211,"column":52},"end":{"line":211,"column":52}},{"start":{"line":211,"column":52},"end":{"line":211,"column":52}}]},"19":{"line":212,"type":"if","locations":[{"start":{"line":212,"column":8},"end":{"line":212,"column":8}},{"start":{"line":212,"column":8},"end":{"line":212,"column":8}}]},"20":{"line":213,"type":"if","locations":[{"start":{"line":213,"column":12},"end":{"line":213,"column":12}},{"start":{"line":213,"column":12},"end":{"line":213,"column":12}}]},"21":{"line":216,"type":"if","locations":[{"start":{"line":216,"column":20},"end":{"line":216,"column":20}},{"start":{"line":216,"column":20},"end":{"line":216,"column":20}}]},"22":{"line":231,"type":"if","locations":[{"start":{"line":231,"column":8},"end":{"line":231,"column":8}},{"start":{"line":231,"column":8},"end":{"line":231,"column":8}}]},"23":{"line":231,"type":"cond-expr","locations":[{"start":{"line":231,"column":11},"end":{"line":231,"column":32}},{"start":{"line":231,"column":37},"end":{"line":231,"column":59}}]},"24":{"line":235,"type":"if","locations":[{"start":{"line":235,"column":12},"end":{"line":235,"column":12}},{"start":{"line":235,"column":12},"end":{"line":235,"column":12}}]},"25":{"line":244,"type":"if","locations":[{"start":{"line":244,"column":62},"end":{"line":244,"column":62}},{"start":{"line":244,"column":62},"end":{"line":244,"column":62}}]},"26":{"line":246,"type":"if","locations":[{"start":{"line":246,"column":8},"end":{"line":246,"column":8}},{"start":{"line":246,"column":8},"end":{"line":246,"column":8}}]},"27":{"line":246,"type":"cond-expr","locations":[{"start":{"line":246,"column":11},"end":{"line":246,"column":32}},{"start":{"line":246,"column":37},"end":{"line":246,"column":59}}]},"28":{"line":251,"type":"if","locations":[{"start":{"line":251,"column":12},"end":{"line":251,"column":12}},{"start":{"line":251,"column":12},"end":{"line":251,"column":12}}]},"29":{"line":261,"type":"if","locations":[{"start":{"line":261,"column":8},"end":{"line":261,"column":8}},{"start":{"line":261,"column":8},"end":{"line":261,"column":8}}]},"30":{"line":263,"type":"if","locations":[{"start":{"line":263,"column":12},"end":{"line":263,"column":12}},{"start":{"line":263,"column":12},"end":{"line":263,"column":12}}]},"31":{"line":278,"type":"if","locations":[{"start":{"line":278,"column":8},"end":{"line":278,"column":8}},{"start":{"line":278,"column":8},"end":{"line":278,"column":8}}]},"32":{"line":284,"type":"if","locations":[{"start":{"line":284,"column":12},"end":{"line":284,"column":12}},{"start":{"line":284,"column":12},"end":{"line":284,"column":12}}]},"33":{"line":289,"type":"if","locations":[{"start":{"line":289,"column":8},"end":{"line":289,"column":8}},{"start":{"line":289,"column":8},"end":{"line":289,"column":8}}]},"34":{"line":303,"type":"if","locations":[{"start":{"line":303,"column":16},"end":{"line":303,"column":16}},{"start":{"line":303,"column":16},"end":{"line":303,"column":16}}]},"35":{"line":343,"type":"if","locations":[{"start":{"line":343,"column":33},"end":{"line":343,"column":33}},{"start":{"line":343,"column":33},"end":{"line":343,"column":33}}]},"36":{"line":344,"type":"if","locations":[{"start":{"line":344,"column":8},"end":{"line":344,"column":8}},{"start":{"line":344,"column":8},"end":{"line":344,"column":8}}]},"37":{"line":345,"type":"if","locations":[{"start":{"line":345,"column":8},"end":{"line":345,"column":8}},{"start":{"line":345,"column":8},"end":{"line":345,"column":8}}]},"38":{"line":349,"type":"if","locations":[{"start":{"line":349,"column":14},"end":{"line":349,"column":14}},{"start":{"line":349,"column":14},"end":{"line":349,"column":14}}]},"39":{"line":372,"type":"if","locations":[{"start":{"line":372,"column":49},"end":{"line":372,"column":49}},{"start":{"line":372,"column":49},"end":{"line":372,"column":49}}]}}}}
