TN:
SF:/var/www/workout-token/contracts/workoutToken.sol
FN:15,uint2str
FN:35,char
FN:43,toAsciiString
FN:104,constructor
FN:118,isOwner
FN:124,isSuperOwner
FN:129,checkSuperOwner
FN:137,checkAddingAddress
FN:147,canConfirmAddress
FN:157,confirmAddress
FN:166,addConfirmation
FN:176,getWaitingConfirmationsList
FN:191,addAddress
FN:211,deleteAddress
FN:230,hasOwner
FN:244,hasRole
FN:260,addRole
FN:277,deleteRole
FN:297,showRoles
FN:343,startDistribution
FN:372,getDistributionStatus
FN:376,constructor
FNF:22
FNH:22
FNDA:2,uint2str
FNDA:1440,char
FNDA:36,toAsciiString
FNDA:13,constructor
FNDA:7,isOwner
FNDA:21,isSuperOwner
FNDA:5,checkSuperOwner
FNDA:7,checkAddingAddress
FNDA:4,canConfirmAddress
FNDA:2,confirmAddress
FNDA:3,addConfirmation
FNDA:2,getWaitingConfirmationsList
FNDA:4,addAddress
FNDA:3,deleteAddress
FNDA:9,hasOwner
FNDA:7,hasRole
FNDA:2,addRole
FNDA:2,deleteRole
FNDA:1,showRoles
FNDA:3,startDistribution
FNDA:1,getDistributionStatus
FNDA:13,constructor
DA:16,2
DA:17,0
DA:19,2
DA:20,2
DA:21,2
DA:22,2
DA:23,2
DA:25,2
DA:26,2
DA:27,2
DA:28,2
DA:29,2
DA:30,2
DA:32,2
DA:36,1440
DA:44,36
DA:45,36
DA:46,720
DA:47,720
DA:48,720
DA:49,720
DA:50,720
DA:53,36
DA:105,13
DA:106,13
DA:107,13
DA:108,26
DA:119,7
DA:120,7
DA:125,21
DA:126,20
DA:130,5
DA:131,3
DA:133,2
DA:138,7
DA:139,4
DA:140,4
DA:143,3
DA:148,4
DA:149,4
DA:150,2
DA:153,2
DA:158,2
DA:159,2
DA:160,2
DA:167,3
DA:173,3
DA:177,2
DA:178,1
DA:180,1
DA:182,1
DA:183,1
DA:184,1
DA:185,1
DA:187,1
DA:192,4
DA:193,2
DA:194,1
DA:195,1
DA:196,1
DA:201,1
DA:203,1
DA:206,2
DA:212,3
DA:213,2
DA:214,1
DA:215,1
DA:216,2
DA:217,1
DA:218,1
DA:222,1
DA:225,1
DA:231,9
DA:232,7
DA:234,2
DA:235,3
DA:236,1
DA:239,1
DA:246,7
DA:247,5
DA:250,2
DA:251,1
DA:252,1
DA:256,1
DA:261,2
DA:262,2
DA:263,1
DA:264,1
DA:267,1
DA:272,1
DA:273,1
DA:278,2
DA:282,2
DA:283,2
DA:284,1
DA:285,1
DA:286,1
DA:289,2
DA:290,1
DA:292,1
DA:293,1
DA:298,1
DA:299,1
DA:300,1
DA:301,2
DA:302,2
DA:303,2
DA:304,2
DA:305,2
DA:306,2
DA:312,1
DA:344,3
DA:345,3
DA:346,1
DA:347,1
DA:348,1
DA:350,1
DA:351,1
DA:352,1
DA:353,1
DA:354,1
DA:355,1
DA:356,1
DA:357,1
DA:358,1
DA:359,1
DA:360,1
DA:361,1
DA:362,1
DA:363,1
DA:365,1
DA:366,1
DA:368,1
DA:373,1
DA:377,13
LF:135
LH:134
BRDA:16,1,0,0
BRDA:16,1,1,2
BRDA:36,2,0,1000
BRDA:36,2,1,440
BRDA:119,3,0,7
BRDA:119,3,1,0
BRDA:125,4,0,20
BRDA:125,4,1,1
BRDA:125,5,0,13
BRDA:125,5,1,7
BRDA:130,6,0,3
BRDA:130,6,1,2
BRDA:130,7,0,2
BRDA:130,7,1,1
BRDA:139,8,0,4
BRDA:139,8,1,0
BRDA:147,9,0,4
BRDA:147,9,1,0
BRDA:149,10,0,2
BRDA:149,10,1,2
BRDA:157,11,0,2
BRDA:157,11,1,0
BRDA:159,12,0,2
BRDA:159,12,1,0
BRDA:166,13,0,3
BRDA:166,13,1,0
BRDA:177,14,0,1
BRDA:177,14,1,1
BRDA:191,15,0,4
BRDA:191,15,1,0
BRDA:192,16,0,2
BRDA:192,16,1,2
BRDA:193,17,0,1
BRDA:193,17,1,1
BRDA:211,18,0,3
BRDA:211,18,1,0
BRDA:212,19,0,2
BRDA:212,19,1,1
BRDA:213,20,0,1
BRDA:213,20,1,1
BRDA:216,21,0,1
BRDA:216,21,1,1
BRDA:231,22,0,7
BRDA:231,22,1,2
BRDA:231,23,0,5
BRDA:231,23,1,2
BRDA:235,24,0,1
BRDA:235,24,1,2
BRDA:244,25,0,7
BRDA:244,25,1,0
BRDA:246,26,0,5
BRDA:246,26,1,2
BRDA:246,27,0,4
BRDA:246,27,1,1
BRDA:251,28,0,1
BRDA:251,28,1,0
BRDA:261,29,0,2
BRDA:261,29,1,0
BRDA:263,30,0,1
BRDA:263,30,1,0
BRDA:278,31,0,2
BRDA:278,31,1,0
BRDA:284,32,0,1
BRDA:284,32,1,0
BRDA:289,33,0,1
BRDA:289,33,1,1
BRDA:303,34,0,2
BRDA:303,34,1,0
BRDA:343,35,0,3
BRDA:343,35,1,1
BRDA:344,36,0,3
BRDA:344,36,1,0
BRDA:345,37,0,1
BRDA:345,37,1,2
BRDA:349,38,0,1
BRDA:349,38,1,1
BRDA:372,39,0,1
BRDA:372,39,1,0
BRF:78
BRH:60
end_of_record
